d:\ctn\lab2\lab2\debug\vc142.pdb
d:\ctn\lab2\lab2\debug\vc142.idb
d:\ctn\lab2\lab2\debug\net.obj
d:\ctn\lab2\lab2\debug\eventhandler.obj
d:\ctn\lab2\lab2\debug\main.obj
d:\ctn\lab2\lab2\debug\logic.obj
d:\ctn\lab2\debug\lab2.exe
d:\ctn\lab2\lab2\debug\lab2.ilk
d:\ctn\lab2\debug\lab2.pdb
c:\laboratory-works-on-computer-and-telecommunication-networks\lab2\lab2\debug\eventhandler.obj
c:\laboratory-works-on-computer-and-telecommunication-networks\lab2\lab2\debug\logic.obj
c:\laboratory-works-on-computer-and-telecommunication-networks\lab2\lab2\debug\main.obj
c:\laboratory-works-on-computer-and-telecommunication-networks\lab2\lab2\debug\net.obj
c:\laboratory-works-on-computer-and-telecommunication-networks\lab2\lab2\debug\windowlogic.obj
c:\laboratory-works-on-computer-and-telecommunication-networks\lab2\lab2\debug\logic.obj.enc
c:\laboratory-works-on-computer-and-telecommunication-networks\lab2\lab2\debug\lab2.ilk
c:\laboratory-works-on-computer-and-telecommunication-networks\lab2\lab2\debug\vc142.idb
c:\laboratory-works-on-computer-and-telecommunication-networks\lab2\lab2\debug\vc143.idb
c:\laboratory-works-on-computer-and-telecommunication-networks\lab2\lab2\debug\vc142.pdb
c:\laboratory-works-on-computer-and-telecommunication-networks\lab2\lab2\debug\vc143.pdb
c:\laboratory-works-on-computer-and-telecommunication-networks\lab2\debug\lab2.pdb
c:\laboratory-works-on-computer-and-telecommunication-networks\lab2\debug\lab2.exe
c:\laboratory-works-on-computer-and-telecommunication-networks\lab2\lab2\debug\lab2.tlog\cl.command.1.tlog
c:\laboratory-works-on-computer-and-telecommunication-networks\lab2\lab2\debug\lab2.tlog\cl.items.tlog
c:\laboratory-works-on-computer-and-telecommunication-networks\lab2\lab2\debug\lab2.tlog\cl.read.1.tlog
c:\laboratory-works-on-computer-and-telecommunication-networks\lab2\lab2\debug\lab2.tlog\cl.write.1.tlog
c:\laboratory-works-on-computer-and-telecommunication-networks\lab2\lab2\debug\lab2.tlog\link.command.1.tlog
c:\laboratory-works-on-computer-and-telecommunication-networks\lab2\lab2\debug\lab2.tlog\link.read.1.tlog
c:\laboratory-works-on-computer-and-telecommunication-networks\lab2\lab2\debug\lab2.tlog\link.write.1.tlog
